[2023-07-06 14:50:47] [INFO] - (78) data_init to start thread
[2023-07-06 14:50:47] [INFO] [2023-07-06 14:50:47] [INFO] - (87) data_init end
- (35) back thread start ...
[2023-07-06 14:50:47] [INFO] - (36) sdk version: 1.1.1.1113
[2023-07-06 14:50:47] [INFO] - (116) update conf from svr
[2023-07-06 14:50:47] [INFO] - (424) get svr cnf
[2023-07-06 14:50:47] [INFO] - (132) base_info
[2023-07-06 14:50:47] [INFO] - (147) client_sign: {F4839A8A-78A8-57A0-B775-153C2A5517A3}
[2023-07-06 14:50:48] [INFO] - (295) event
[2023-07-06 14:50:49] [INFO] - (150) save cnf:1
[2023-07-06 14:50:49] [INFO] - (131) update conf from svr end
[2023-07-06 14:50:49] [INFO] - (97) chk old msgs
[2023-07-06 14:50:49] [INFO] - (179) process_msgs: 0
[2023-07-06 14:50:49] [INFO] - (150) save cnf:1
[2023-07-06 14:50:49] [INFO] - (137) back thread loop start ...
[2023-07-06 14:50:49] [INFO] - (267) addtional send
[2023-07-06 14:51:00] [INFO] - (295) event
[2023-07-06 14:51:00] [INFO] - (295) event
[2023-07-06 14:51:00] [INFO] - (285) save msg to file
[2023-07-06 14:51:00] [INFO] - (295) event
[2023-07-06 14:51:00] [INFO] - (285) save msg to file
[2023-07-06 14:51:00] [INFO] - (285) save msg to file
[2023-07-06 14:51:00] [INFO] - (218) chk roll_msg size: 2048000, rev_tm: 1688046660
[2023-07-06 14:51:02] [INFO] - (295) event
[2023-07-06 14:52:05] [INFO] - (78) data_init to start thread
[2023-07-06 14:52:05] [INFO] - (87) data_init end
[2023-07-06 14:52:05] [INFO] - (35) back thread start ...
[2023-07-06 14:52:05] [INFO] - (36) sdk version: 1.1.1.1113
[2023-07-06 14:52:05] [INFO] - (97) chk old msgs
[2023-07-06 14:52:05] [INFO] - (179) process_msgs: 1
[2023-07-06 14:52:05] [INFO] - (227) snd old msgs: /Users/ben.hicks@contino.io/.config/Wondershare/Dr.Fone/Sparrow/backup/data/MSG_PRE_{0d47cdc6daad47c182fc36b077ce2851}1688651525
[2023-07-06 14:52:05] [INFO] - (132) base_info
[2023-07-06 14:52:05] [INFO] - (147) client_sign: {F4839A8A-78A8-57A0-B775-153C2A5517A3}
[2023-07-06 14:52:06] [INFO] - (295) event
[2023-07-06 14:52:06] [INFO] - (150) save cnf:1
[2023-07-06 14:52:06] [INFO] - (137) back thread loop start ...
[2023-07-06 14:52:06] [INFO] - (267) addtional send
[2023-07-06 14:52:10] [INFO] - (295) event
[2023-07-06 14:52:10] [INFO] - (295) event
[2023-07-06 14:52:10] [INFO] - (285) save msg to file
[2023-07-06 14:52:10] [INFO] - (295) event
[2023-07-06 14:52:10] [INFO] - (285) save msg to file
[2023-07-06 14:52:10] [INFO] - (285) save msg to file
[2023-07-06 14:52:10] [INFO] - (218) chk roll_msg size: 2048000, rev_tm: 1688046730
[2023-07-06 14:52:11] [INFO] - (295) event
[2023-07-06 14:54:51] [INFO] - (295) event
[2023-07-06 14:54:51] [INFO] - (295) event
[2023-07-06 14:54:51] [INFO] - (295) event
[2023-07-06 14:54:51] [INFO] - (285) save msg to file
[2023-07-06 14:54:51] [INFO] - (285) save msg to file
[2023-07-06 14:54:51] [INFO] - (285) save msg to file
[2023-07-06 14:54:52] [INFO] - (295) event
[2023-07-06 15:13:19] [INFO] - (78) data_init to start thread
[2023-07-06 15:13:19] [INFO] [2023-07-06 15:13:19] [INFO] - (87) data_init end
- (35) back thread start ...
[2023-07-06 15:13:19] [INFO] - (36) sdk version: 1.1.1.1113
[2023-07-06 15:13:19] [INFO] - (97) chk old msgs
[2023-07-06 15:13:19] [INFO] - (179) process_msgs: 1
[2023-07-06 15:13:19] [INFO] - (227) snd old msgs: /Users/ben.hicks@contino.io/.config/Wondershare/Dr.Fone/Sparrow/backup/data/MSG_PRE_{995b5dcc999446ea8c683e5b8b988ac2}1688652799
[2023-07-06 15:13:19] [INFO] - (132) base_info
[2023-07-06 15:13:19] [INFO] - (147) client_sign: {F4839A8A-78A8-57A0-B775-153C2A5517A3}
[2023-07-06 15:13:20] [INFO] - (295) event
[2023-07-06 15:13:20] [INFO] - (150) save cnf:1
[2023-07-06 15:13:20] [INFO] - (137) back thread loop start ...
[2023-07-06 15:13:20] [INFO] - (267) addtional send
[2023-07-06 15:13:23] [INFO] - (295) event
[2023-07-06 15:13:23] [INFO] - (295) event
[2023-07-06 15:13:23] [INFO] - (285) save msg to file
[2023-07-06 15:13:23] [INFO] - (295) event
[2023-07-06 15:13:23] [INFO] - (285) save msg to file
[2023-07-06 15:13:23] [INFO] - (285) save msg to file
[2023-07-06 15:13:23] [INFO] - (218) chk roll_msg size: 2048000, rev_tm: 1688048003
[2023-07-06 15:13:25] [INFO] - (295) event
