06/07/2023 14:52:55 OS Version: 10.16

=======================================
06/07/2023 14:52:55 Program.Start Product=Dr.Fone, Version=12.4.17.52
06/07/2023 14:52:55 Program.InitLog...
06/07/2023 14:52:55 Program.InitApp
06/07/2023 14:52:55 os version: 
06/07/2023 14:52:55 10.16
06/07/2023 14:52:56 <OnlineRatingSwitchHelper> 1
06/07/2023 14:52:56 <OnlineRatingSwitchHelper> 2
06/07/2023 14:52:56 <OnlineRatingSwitchHelper> 3
06/07/2023 14:52:57 <USB DEBUG> start requesting...
06/07/2023 14:52:57 RegisterUSBDevicesNotify handle:140280056717520
06/07/2023 14:52:57 MacUsbNotifier  StartMonitor start
06/07/2023 14:52:57 MacUsbNotifier  StopMonitor
06/07/2023 14:52:57 MacOS  StartMonitorWorker start
06/07/2023 14:52:57 MacUsbNotifier  DoListen start
06/07/2023 14:52:57 MacUsb DeviceConnectCallback 
06/07/2023 14:52:57 ConnectionHub OnDeviceArrival:IOService:/AppleARMPE/arm-io/AppleT600xIO/usb-drd1@2280000/AppleT6000USBXHCI@01000000/usb-drd1-port-hs@01100000/USB2.0 Hub@01100000/AppleUSB20Hub@01100000/AppleUSB20HubPort@01110000/iPhone@01110000
06/07/2023 14:52:57 AddUSBConnection device: IOService:/AppleARMPE/arm-io/AppleT600xIO/usb-drd1@2280000/AppleT6000USBXHCI@01000000/usb-drd1-port-hs@01100000/USB2.0 Hub@01100000/AppleUSB20Hub@01100000/AppleUSB20HubPort@01110000/iPhone@01110000
06/07/2023 14:52:57 ConnectionHub.FoundDevice
06/07/2023 14:52:57 	Id=IOService:/AppleARMPE/arm-io/AppleT600xIO/usb-drd1@2280000/AppleT6000USBXHCI@01000000/usb-drd1-port-hs@01100000/USB2.0 Hub@01100000/AppleUSB20Hub@01100000/AppleUSB20HubPort@01110000/iPhone@01110000
06/07/2023 14:52:57 	Manufacturer=Apple Inc.
06/07/2023 14:52:57 	Product=iPhone
06/07/2023 14:52:57 	FriendlyName=iPhone
06/07/2023 14:52:57 	SN=de20a8e49763943d74f1c28722e44dfeae808c2f
06/07/2023 14:52:57 	VID=1452
06/07/2023 14:52:57 	PID=4756
06/07/2023 14:52:57 	Class=0
06/07/2023 14:52:57 	SubClass=0
06/07/2023 14:52:57 	Protocol=0
06/07/2023 14:52:57 <USB DEBUG> start parsing json...
06/07/2023 14:52:57 MacOS  StartEnumeratorWorker start
06/07/2023 14:52:57 MacOS  StartEnumeratorWorker while (!bExit) 
06/07/2023 14:52:57 MacOS  StartEnumeratorWorker ScanMacUSB   
06/07/2023 14:52:57 <USB DEBUG> value compare: 1-1
06/07/2023 14:52:57 	Model=iPhone 3GS
06/07/2023 14:52:57 	FriendlyName=Ali’s iPhone
06/07/2023 14:52:58 ConnectionHub.AddConnection(IOService:/AppleARMPE/arm-io/AppleT600xIO/usb-drd1@2280000/AppleT6000USBXHCI@01000000/usb-drd1-port-hs@01100000/USB2.0 Hub@01100000/AppleUSB20Hub@01100000/AppleUSB20HubPort@01110000/iPhone@01110000, iOS, de20a8e49763943d74f1c28722e44dfeae808c2f)
06/07/2023 14:52:58 Connection inserter Start
06/07/2023 14:52:58 Connection inserter create new device
06/07/2023 14:52:58 Connection inserter device is iOS
06/07/2023 14:52:58 Connection inserter AddService
06/07/2023 14:52:58 Device manager add device SerialNumber: de20a8e49763943d74f1c28722e44dfeae808c2f
06/07/2023 14:52:58 ConnectionHub OnDeviceArrival:IOService:/AppleARMPE/arm-io/AppleT600xIO/usb-drd1@2280000/AppleT6000USBXHCI@01000000/usb-drd1-port-hs@01100000/USB2.0 Hub@01100000/AppleUSB20Hub@01100000/AppleUSB20HubPort@01120000/USB-C Digital AV Multiport Adapter@01120000
06/07/2023 14:52:58 AddUSBConnection device: IOService:/AppleARMPE/arm-io/AppleT600xIO/usb-drd1@2280000/AppleT6000USBXHCI@01000000/usb-drd1-port-hs@01100000/USB2.0 Hub@01100000/AppleUSB20Hub@01100000/AppleUSB20HubPort@01120000/USB-C Digital AV Multiport Adapter@01120000
06/07/2023 14:52:58 ConnectionHub.FoundDevice
06/07/2023 14:52:58 	Id=IOService:/AppleARMPE/arm-io/AppleT600xIO/usb-drd1@2280000/AppleT6000USBXHCI@01000000/usb-drd1-port-hs@01100000/USB2.0 Hub@01100000/AppleUSB20Hub@01100000/AppleUSB20HubPort@01120000/USB-C Digital AV Multiport Adapter@01120000
06/07/2023 14:52:58 	Manufacturer=Apple Inc.
06/07/2023 14:52:58 	Product=USB-C Digital AV Multiport Adapter
06/07/2023 14:52:58 	FriendlyName=USB-C Digital AV Multiport Adapter
06/07/2023 14:52:58 	SN=DLC749603FRG2KQAX
06/07/2023 14:52:58 	VID=1452
06/07/2023 14:52:58 	PID=5216
06/07/2023 14:52:58 	Class=17
06/07/2023 14:52:58 	SubClass=0
06/07/2023 14:52:58 	Protocol=0
06/07/2023 14:52:58 	Manufacturer=Apple
06/07/2023 14:52:58 	FriendlyName=
06/07/2023 14:52:58 MacOS  StartEnumeratorWorker bFisrtScan end.
06/07/2023 14:52:58 ConnectionHub OnDeviceArrival:IOService:/AppleARMPE/arm-io/AppleT600xIO/apciec2@30000000/AppleT6000PCIeC/pcic2-bridge@0/IOPP/pci-bridge@0/IOPP/pci-bridge@1/IOPP/pci1b73,1100@0/AppleUSBXHCIFL1100@03000000/AppleUSB20XHCIPort@03200000/USB2.1 Hub@03200000/AppleUSB20Hub@03200000/AppleUSB20HubPort@03240000/USB2.1 Hub@03240000/AppleUSB20Hub@03240000/AppleUSB20HubPort@03243000/Stream Deck MK.2@03243000
06/07/2023 14:52:58 AddUSBConnection device: IOService:/AppleARMPE/arm-io/AppleT600xIO/apciec2@30000000/AppleT6000PCIeC/pcic2-bridge@0/IOPP/pci-bridge@0/IOPP/pci-bridge@1/IOPP/pci1b73,1100@0/AppleUSBXHCIFL1100@03000000/AppleUSB20XHCIPort@03200000/USB2.1 Hub@03200000/AppleUSB20Hub@03200000/AppleUSB20HubPort@03240000/USB2.1 Hub@03240000/AppleUSB20Hub@03240000/AppleUSB20HubPort@03243000/Stream Deck MK.2@03243000
06/07/2023 14:52:58 ConnectionHub.FoundDevice
06/07/2023 14:52:58 	Id=IOService:/AppleARMPE/arm-io/AppleT600xIO/apciec2@30000000/AppleT6000PCIeC/pcic2-bridge@0/IOPP/pci-bridge@0/IOPP/pci-bridge@1/IOPP/pci1b73,1100@0/AppleUSBXHCIFL1100@03000000/AppleUSB20XHCIPort@03200000/USB2.1 Hub@03200000/AppleUSB20Hub@03200000/AppleUSB20HubPort@03240000/USB2.1 Hub@03240000/AppleUSB20Hub@03240000/AppleUSB20HubPort@03243000/Stream Deck MK.2@03243000
06/07/2023 14:52:58 	Manufacturer=Elgato
06/07/2023 14:52:58 	Product=Stream Deck MK.2
06/07/2023 14:52:58 	FriendlyName=Stream Deck MK.2
06/07/2023 14:52:58 	SN=DL29L2A36027
06/07/2023 14:52:58 	VID=4057
06/07/2023 14:52:58 	PID=128
06/07/2023 14:52:58 	Class=0
06/07/2023 14:52:58 	SubClass=0
06/07/2023 14:52:58 	Protocol=0
06/07/2023 14:52:58 RegisterUSBDevicesNotify handle:140280066277008
06/07/2023 14:52:58 	FriendlyName=
06/07/2023 14:52:58 SetSystemSleep start
06/07/2023 14:52:58 SetSystemSleep end
06/07/2023 14:52:58 MacUsb DeviceDisconnectCallback 
06/07/2023 14:52:59 ConnectionScanTask start
06/07/2023 14:52:59 ConnectionScanTask rescan start
06/07/2023 14:52:59 ConnectionScanTask rescan end
06/07/2023 14:52:59 ConnectionScanTask End
06/07/2023 14:52:59 AddUSBConnection device: de20a8e49763943d74f1c28722e44dfeae808c2f
06/07/2023 14:52:59 ConnectionHub.FoundDevice
06/07/2023 14:52:59 	Id=de20a8e49763943d74f1c28722e44dfeae808c2f
06/07/2023 14:52:59 	VID=0
06/07/2023 14:52:59 	PID=0
06/07/2023 14:52:59 	Class=0
06/07/2023 14:52:59 	SubClass=0
06/07/2023 14:52:59 	Protocol=0
06/07/2023 14:53:00 Ignored!
06/07/2023 14:53:00 AddUSBConnection device: DLC749603FRG2KQAX
06/07/2023 14:53:00 AddUSBConnection device: DL29L2A36027
06/07/2023 14:53:00 ConnectionHub.RemoveConnection(IOService:/AppleARMPE/arm-io/AppleT600xIO/usb-drd1@2280000/AppleT6000USBXHCI@01000000/usb-drd1-port-hs@01100000/USB2.0 Hub@01100000/AppleUSB20Hub@01100000/AppleUSB20HubPort@01110000/iPhone@01110000, de20a8e49763943d74f1c28722e44dfeae808c2f)
06/07/2023 14:53:00 Connection begin IOService:/AppleARMPE/arm-io/AppleT600xIO/usb-drd1@2280000/AppleT6000USBXHCI@01000000/usb-drd1-port-hs@01100000/USB2.0 Hub@01100000/AppleUSB20Hub@01100000/AppleUSB20HubPort@01110000/iPhone@01110000
06/07/2023 14:53:00 [DC_UsbTask] try connect, Times: 1
06/07/2023 14:53:00 [DC_IOSCOT] Initialize ios start.
06/07/2023 14:53:00 [DC_Listener] DoCheckService result: True
06/07/2023 14:53:00 [DC_IOSCOT] Initialize, ios service running
06/07/2023 14:53:00 Connection step Checking
06/07/2023 14:53:00 [DC_UsbTask] start wait system installing.
06/07/2023 14:53:00 [DC_UsbTask] end wait system installing.
06/07/2023 14:53:00 [DC_UsbTask] start wait FindExpectInterface
06/07/2023 14:53:00 [DC_UsbTask] end wait FindExpectInterface.
06/07/2023 14:53:00 [DC_UsbTask] start PrepareCheck.
06/07/2023 14:53:00 [DC_UsbTask] end PrepareCheck.
06/07/2023 14:53:00 [DC_UsbTask] start GetConnectTask
06/07/2023 14:53:00 [DC-BSCOT] BC-DoConnection enter..
06/07/2023 14:53:00 [DC-BSCOT] BC-GetWaitReadyTask skip..
06/07/2023 14:53:00 [DC-BSCOT] BC-GetWaitReadyTask enter..
06/07/2023 14:53:00 [DC-BSCOT] BC-WaitReadyWorker enter..
06/07/2023 14:53:00 Connection step WaitReady
06/07/2023 14:53:00 [DC_IOSCOT]DoWaitReady Start
06/07/2023 14:53:00 [DC_IOSCOT] DoWaitReady before WaitDriverInstallDone
06/07/2023 14:53:00 [DC_IOSCOT] DoWaitReady End WaitDriverInstallDone
06/07/2023 14:53:00 [DC_IOSCOT] DoWaitReady before InitService
06/07/2023 14:53:00 [DC_IOSCOT]InitService began
06/07/2023 14:53:00 [DC_IOSCOT] Initialize ios start.
06/07/2023 14:53:00 [DC_Listener] DoCheckService result: True
06/07/2023 14:53:00 [DC_IOSCOT] Initialize, ios service running
06/07/2023 14:53:00 [DC_IOSCOT] DoWaitReady end InitService
06/07/2023 14:53:00 [DC_IOSCOT] start listen and wait.
06/07/2023 14:53:00 [DC_IOSCOT] wait ready STEP_1
06/07/2023 14:53:00 [DC_IOSCOT] service_listen: True
06/07/2023 14:53:00 [DC_IOSCOT] wait ready STEP_2
=============TLSv1_method=================
06/07/2023 14:53:01 SQLite error
duplicate column name: t_devicemodel
06/07/2023 14:53:01 SQLite error
duplicate column name: t_devicemodel
06/07/2023 14:53:01 SQLite error
duplicate column name: t_devicemodel
06/07/2023 14:53:01 SQLite error
duplicate column name: t_devicemodel
06/07/2023 14:53:01 [DC_Listener] NotificationWaitHandles wait event: de20a8e49763943d74f1c28722e44dfeae808c2f
06/07/2023 14:53:01 [DC_IOSCOT] wait_device: True
06/07/2023 14:53:01 [DC_IOSCOT] listen and wait both ok.
06/07/2023 14:53:01 [DC_IOSCOT]InitService began
06/07/2023 14:53:01 [DC_IOSCOT] Initialize ios start.
06/07/2023 14:53:01 [DC_Listener] DoCheckService result: True
06/07/2023 14:53:01 [DC_IOSCOT] Initialize, ios service running
06/07/2023 14:53:01 [DC_IOSCOT]DoWaitReady End DeviceListener 
06/07/2023 14:53:01 [DC_IOSCOT] start WaitReady Task
06/07/2023 14:53:01 WaitReadyTask start
06/07/2023 14:53:01 WaitReadyState AllReady
06/07/2023 14:53:01 Before WaitReady
06/07/2023 14:53:01 Start WaitReady
06/07/2023 14:53:01 Before HavePairedRecord
06/07/2023 14:53:01 After HavePairedRecord
06/07/2023 14:53:01 Before ValidatePair
06/07/2023 14:53:01 After ValidatePair
=============TLSv1_method=================
06/07/2023 14:53:01 Before WaitPaired
06/07/2023 14:53:01 After WaitPaired
06/07/2023 14:53:01 Connection step Ready
06/07/2023 14:53:01 [DC_IOSCOT]DoWaitReady End
06/07/2023 14:53:01 [DC-BSCOT] BC-GetWaitReadyTask result: Online
06/07/2023 14:53:01 Connection step StartSession
=============TLSv1_method=================
06/07/2023 14:53:01 Connection step LoadInfo
=============TLSv1_method=================
=============TLSv1_method=================
=============TLSv1_method=================
06/07/2023 14:53:02 Connection step Finished
06/07/2023 14:53:02 [DC_UsbTask] end GetConnectTask : True
06/07/2023 14:53:02 Manufacturer:Apple Inc.
06/07/2023 14:53:02 Model:iPhone 3GS
06/07/2023 14:53:02 SerialNumber:87014XJX3NP
06/07/2023 14:53:02 OSPlatform:iOS
06/07/2023 14:53:02 OSVersion:3.1.3
06/07/2023 14:53:02 Carrier:
06/07/2023 14:53:02 Name:Ali’s iPhone
06/07/2023 14:53:02 Locale:en_GB
06/07/2023 14:53:02 Connection end IOService:/AppleARMPE/arm-io/AppleT600xIO/usb-drd1@2280000/AppleT6000USBXHCI@01000000/usb-drd1-port-hs@01100000/USB2.0 Hub@01100000/AppleUSB20Hub@01100000/AppleUSB20HubPort@01110000/iPhone@01110000 Online
06/07/2023 14:53:02 Connection step Completed
=============TLSv1_method=================
06/07/2023 14:53:02 OnReportErrorLog log file not exist.
=============TLSv1_method=================
=============TLSv1_method=================
=============TLSv1_method=================
=============TLSv1_method=================
=============TLSv1_method=================
=============TLSv1_method=================
=============TLSv1_method=================
06/07/2023 14:53:05 ......device [Ali’s iPhone] connected. info is... platform: iOS; version: 3.1.3; model: iPhone 3GS; brand: ; manufacturer: Apple Inc.
=============TLSv1_method=================
=============TLSv1_method=================
06/07/2023 14:53:06 Could not start Service 'com.apple.atc', Error Code = Undefined
06/07/2023 14:53:06 DataStatistics Load Exception:
=============TLSv1_method=================
=============TLSv1_method=================
=============TLSv1_method=================
=============TLSv1_method=================
=============TLSv1_method=================
=============TLSv1_method=================
=============TLSv1_method=================
=============TLSv1_method=================
=============TLSv1_method=================
=============TLSv1_method=================
=============TLSv1_method=================
=============TLSv1_method=================
=============TLSv1_method=================
06/07/2023 14:53:16 FileManager.CreateDirectory /UDisk status = True
06/07/2023 14:53:16 <TG_FileSystem> SetSelectLabelText....
06/07/2023 14:53:16 <TG_FileSystem> SetSelectLabelText....
06/07/2023 14:53:16 <TG_FileSystem> SetSelectLabelText1 ....
06/07/2023 14:53:16 <TG_FileSystem> Phone:Phone
06/07/2023 14:53:16 <TG_FileSystem> SetSelectLabelText....
06/07/2023 14:53:16 <TG_FileSystem> SetSelectLabelText1 ....
06/07/2023 14:53:16 <TG_FileSystem> Phone:Phone
06/07/2023 14:53:19 <TG_FileSystem> SetSelectLabelText....
06/07/2023 14:53:19 <TG_FileSystem> SetSelectLabelText1 ....
06/07/2023 14:53:19 <TG_FileSystem> Phone:Phone
06/07/2023 14:53:21 <TG_FileSystem> SetSelectLabelText....
06/07/2023 14:53:21 <TG_FileSystem> SetSelectLabelText1 ....
06/07/2023 14:53:21 <TG_FileSystem> Phone:Phone
06/07/2023 14:53:26 <TG_FileSystem> SetSelectLabelText....
06/07/2023 14:53:26 <TG_FileSystem> SetSelectLabelText1 ....
06/07/2023 14:53:26 <TG_FileSystem> Thumbs:Phone
06/07/2023 14:53:28 <TG_FileSystem> SetSelectLabelText....
06/07/2023 14:53:28 <TG_FileSystem> SetSelectLabelText1 ....
06/07/2023 14:53:28 <TG_FileSystem> Photos:Phone
06/07/2023 14:53:29 <TG_FileSystem> SetSelectLabelText....
06/07/2023 14:53:29 <TG_FileSystem> SetSelectLabelText1 ....
06/07/2023 14:53:29 <TG_FileSystem> Thumbs:Phone
06/07/2023 14:53:30 <TG_FileSystem> SetSelectLabelText....
06/07/2023 14:53:30 <TG_FileSystem> SetSelectLabelText1 ....
06/07/2023 14:53:30 <TG_FileSystem> Photos:Phone
06/07/2023 14:53:31 <TG_FileSystem> SetSelectLabelText....
06/07/2023 14:53:31 <TG_FileSystem> SetSelectLabelText1 ....
06/07/2023 14:53:31 <TG_FileSystem> Downloads:Phone
06/07/2023 14:53:32 <TG_FileSystem> SetSelectLabelText....
06/07/2023 14:53:32 <TG_FileSystem> SetSelectLabelText1 ....
06/07/2023 14:53:32 <TG_FileSystem> DCIM:Phone
06/07/2023 14:53:35 <TG_FileSystem> SetSelectLabelText....
06/07/2023 14:53:35 <TG_FileSystem> SetSelectLabelText1 ....
06/07/2023 14:53:35 <TG_FileSystem> ApplicationArchives:Phone
06/07/2023 14:53:39 <TG_FileSystem> SetSelectLabelText....
06/07/2023 14:53:39 <TG_FileSystem> SetSelectLabelText1 ....
06/07/2023 14:53:39 <TG_FileSystem> Recordings:Phone
06/07/2023 14:53:42 <TG_FileSystem> SetSelectLabelText....
06/07/2023 14:53:42 <TG_FileSystem> SetSelectLabelText1 ....
06/07/2023 14:53:42 <TG_FileSystem> Safari:Phone
06/07/2023 14:53:44 <TG_FileSystem> SetSelectLabelText....
06/07/2023 14:53:44 <TG_FileSystem> SetSelectLabelText1 ....
06/07/2023 14:53:44 <TG_FileSystem> U Disk:UDisk
06/07/2023 14:53:45 <TG_FileSystem> SetSelectLabelText....
06/07/2023 14:53:45 <TG_FileSystem> SetSelectLabelText1 ....
06/07/2023 14:53:45 <TG_FileSystem> ApplicationArchives:Phone
06/07/2023 14:53:46 <TG_FileSystem> SetSelectLabelText....
06/07/2023 14:53:46 <TG_FileSystem> SetSelectLabelText1 ....
06/07/2023 14:53:46 <TG_FileSystem> Phone:Phone
06/07/2023 14:53:48 <TG_FileSystem> SetSelectLabelText....
06/07/2023 14:53:48 <TG_FileSystem> SetSelectLabelText1 ....
06/07/2023 14:53:48 <TG_FileSystem> Phone:Phone
06/07/2023 14:54:16 <DragDrop> StartWatchDrive Error: kqueue() error at init, error code = '24'
06/07/2023 14:54:16   at System.IO.KqueueMonitor.Start () [0x00046] in <cea77d7bab8b472da697a3b6e78ef65f>:0 
  at System.IO.KeventWatcher.StartDispatching (System.IO.FileSystemWatcher fsw) [0x00033] in <cea77d7bab8b472da697a3b6e78ef65f>:0 
  at System.IO.FileSystemWatcher.Start () [0x00000] in <cea77d7bab8b472da697a3b6e78ef65f>:0 
  at System.IO.FileSystemWatcher.set_EnableRaisingEvents (System.Boolean value) [0x00014] in <cea77d7bab8b472da697a3b6e78ef65f>:0 
  at (wrapper remoting-invoke-with-check) System.IO.FileSystemWatcher.set_EnableRaisingEvents(bool)
  at TunesGo.DragDropHelper.StartWatchDrive () [0x001b4] in <3de84ba705e64d5e9f22ee50cbe8fa3d>:0 
06/07/2023 14:54:16 <DragDrop> StartWatchDrive Error: kqueue() error at init, error code = '24'
06/07/2023 14:54:16   at System.IO.KqueueMonitor.Start () [0x00046] in <cea77d7bab8b472da697a3b6e78ef65f>:0 
  at System.IO.KeventWatcher.StartDispatching (System.IO.FileSystemWatcher fsw) [0x00033] in <cea77d7bab8b472da697a3b6e78ef65f>:0 
  at System.IO.FileSystemWatcher.Start () [0x00000] in <cea77d7bab8b472da697a3b6e78ef65f>:0 
  at System.IO.FileSystemWatcher.set_EnableRaisingEvents (System.Boolean value) [0x00014] in <cea77d7bab8b472da697a3b6e78ef65f>:0 
  at (wrapper remoting-invoke-with-check) System.IO.FileSystemWatcher.set_EnableRaisingEvents(bool)
  at TunesGo.DragDropHelper.StartWatchDrive () [0x001b4] in <3de84ba705e64d5e9f22ee50cbe8fa3d>:0 
06/07/2023 14:54:16 <DragDrop> StartWatchDrive Error: kqueue() error at init, error code = '24'
06/07/2023 14:54:16   at System.IO.KqueueMonitor.Start () [0x00046] in <cea77d7bab8b472da697a3b6e78ef65f>:0 
  at System.IO.KeventWatcher.StartDispatching (System.IO.FileSystemWatcher fsw) [0x00033] in <cea77d7bab8b472da697a3b6e78ef65f>:0 
  at System.IO.FileSystemWatcher.Start () [0x00000] in <cea77d7bab8b472da697a3b6e78ef65f>:0 
  at System.IO.FileSystemWatcher.set_EnableRaisingEvents (System.Boolean value) [0x00014] in <cea77d7bab8b472da697a3b6e78ef65f>:0 
  at (wrapper remoting-invoke-with-check) System.IO.FileSystemWatcher.set_EnableRaisingEvents(bool)
  at TunesGo.DragDropHelper.StartWatchDrive () [0x001b4] in <3de84ba705e64d5e9f22ee50cbe8fa3d>:0 
06/07/2023 14:54:16 <DragDrop> StartWatchDrive Error: kqueue() error at init, error code = '24'
06/07/2023 14:54:16   at System.IO.KqueueMonitor.Start () [0x00046] in <cea77d7bab8b472da697a3b6e78ef65f>:0 
  at System.IO.KeventWatcher.StartDispatching (System.IO.FileSystemWatcher fsw) [0x00033] in <cea77d7bab8b472da697a3b6e78ef65f>:0 
  at System.IO.FileSystemWatcher.Start () [0x00000] in <cea77d7bab8b472da697a3b6e78ef65f>:0 
  at System.IO.FileSystemWatcher.set_EnableRaisingEvents (System.Boolean value) [0x00014] in <cea77d7bab8b472da697a3b6e78ef65f>:0 
  at (wrapper remoting-invoke-with-check) System.IO.FileSystemWatcher.set_EnableRaisingEvents(bool)
  at TunesGo.DragDropHelper.StartWatchDrive () [0x001b4] in <3de84ba705e64d5e9f22ee50cbe8fa3d>:0 
06/07/2023 14:54:16 <DragDrop> StartWatchDrive Error: kqueue() error at init, error code = '24'
06/07/2023 14:54:16   at System.IO.KqueueMonitor.Start () [0x00046] in <cea77d7bab8b472da697a3b6e78ef65f>:0 
  at System.IO.KeventWatcher.StartDispatching (System.IO.FileSystemWatcher fsw) [0x00033] in <cea77d7bab8b472da697a3b6e78ef65f>:0 
  at System.IO.FileSystemWatcher.Start () [0x00000] in <cea77d7bab8b472da697a3b6e78ef65f>:0 
  at System.IO.FileSystemWatcher.set_EnableRaisingEvents (System.Boolean value) [0x00014] in <cea77d7bab8b472da697a3b6e78ef65f>:0 
  at (wrapper remoting-invoke-with-check) System.IO.FileSystemWatcher.set_EnableRaisingEvents(bool)
  at TunesGo.DragDropHelper.StartWatchDrive () [0x001b4] in <3de84ba705e64d5e9f22ee50cbe8fa3d>:0 
06/07/2023 14:54:16 <DragDrop> StartWatchDrive Error: kqueue() error at init, error code = '24'
06/07/2023 14:54:16   at System.IO.KqueueMonitor.Start () [0x00046] in <cea77d7bab8b472da697a3b6e78ef65f>:0 
  at System.IO.KeventWatcher.StartDispatching (System.IO.FileSystemWatcher fsw) [0x00033] in <cea77d7bab8b472da697a3b6e78ef65f>:0 
  at System.IO.FileSystemWatcher.Start () [0x00000] in <cea77d7bab8b472da697a3b6e78ef65f>:0 
  at System.IO.FileSystemWatcher.set_EnableRaisingEvents (System.Boolean value) [0x00014] in <cea77d7bab8b472da697a3b6e78ef65f>:0 
  at (wrapper remoting-invoke-with-check) System.IO.FileSystemWatcher.set_EnableRaisingEvents(bool)
  at TunesGo.DragDropHelper.StartWatchDrive () [0x001b4] in <3de84ba705e64d5e9f22ee50cbe8fa3d>:0 
06/07/2023 14:54:16 <DragDrop> StartWatchDrive Error: kqueue() error at init, error code = '24'
06/07/2023 14:54:16   at System.IO.KqueueMonitor.Start () [0x00046] in <cea77d7bab8b472da697a3b6e78ef65f>:0 
  at System.IO.KeventWatcher.StartDispatching (System.IO.FileSystemWatcher fsw) [0x00033] in <cea77d7bab8b472da697a3b6e78ef65f>:0 
  at System.IO.FileSystemWatcher.Start () [0x00000] in <cea77d7bab8b472da697a3b6e78ef65f>:0 
  at System.IO.FileSystemWatcher.set_EnableRaisingEvents (System.Boolean value) [0x00014] in <cea77d7bab8b472da697a3b6e78ef65f>:0 
  at (wrapper remoting-invoke-with-check) System.IO.FileSystemWatcher.set_EnableRaisingEvents(bool)
  at TunesGo.DragDropHelper.StartWatchDrive () [0x001b4] in <3de84ba705e64d5e9f22ee50cbe8fa3d>:0 
06/07/2023 14:54:16 <DragDrop> StartWatchDrive Error: kqueue() error at init, error code = '24'
06/07/2023 14:54:16   at System.IO.KqueueMonitor.Start () [0x00046] in <cea77d7bab8b472da697a3b6e78ef65f>:0 
  at System.IO.KeventWatcher.StartDispatching (System.IO.FileSystemWatcher fsw) [0x00033] in <cea77d7bab8b472da697a3b6e78ef65f>:0 
  at System.IO.FileSystemWatcher.Start () [0x00000] in <cea77d7bab8b472da697a3b6e78ef65f>:0 
  at System.IO.FileSystemWatcher.set_EnableRaisingEvents (System.Boolean value) [0x00014] in <cea77d7bab8b472da697a3b6e78ef65f>:0 
  at (wrapper remoting-invoke-with-check) System.IO.FileSystemWatcher.set_EnableRaisingEvents(bool)
  at TunesGo.DragDropHelper.StartWatchDrive () [0x001b4] in <3de84ba705e64d5e9f22ee50cbe8fa3d>:0 
06/07/2023 14:54:16 <DragDrop> StartWatchDrive Error: kqueue() error at init, error code = '24'
06/07/2023 14:54:16   at System.IO.KqueueMonitor.Start () [0x00046] in <cea77d7bab8b472da697a3b6e78ef65f>:0 
  at System.IO.KeventWatcher.StartDispatching (System.IO.FileSystemWatcher fsw) [0x00033] in <cea77d7bab8b472da697a3b6e78ef65f>:0 
  at System.IO.FileSystemWatcher.Start () [0x00000] in <cea77d7bab8b472da697a3b6e78ef65f>:0 
  at System.IO.FileSystemWatcher.set_EnableRaisingEvents (System.Boolean value) [0x00014] in <cea77d7bab8b472da697a3b6e78ef65f>:0 
  at (wrapper remoting-invoke-with-check) System.IO.FileSystemWatcher.set_EnableRaisingEvents(bool)
  at TunesGo.DragDropHelper.StartWatchDrive () [0x001b4] in <3de84ba705e64d5e9f22ee50cbe8fa3d>:0 
06/07/2023 14:54:16 <DragDrop> StartWatchDrive Error: kqueue() error at init, error code = '24'
06/07/2023 14:54:16   at System.IO.KqueueMonitor.Start () [0x00046] in <cea77d7bab8b472da697a3b6e78ef65f>:0 
  at System.IO.KeventWatcher.StartDispatching (System.IO.FileSystemWatcher fsw) [0x00033] in <cea77d7bab8b472da697a3b6e78ef65f>:0 
  at System.IO.FileSystemWatcher.Start () [0x00000] in <cea77d7bab8b472da697a3b6e78ef65f>:0 
  at System.IO.FileSystemWatcher.set_EnableRaisingEvents (System.Boolean value) [0x00014] in <cea77d7bab8b472da697a3b6e78ef65f>:0 
  at (wrapper remoting-invoke-with-check) System.IO.FileSystemWatcher.set_EnableRaisingEvents(bool)
  at TunesGo.DragDropHelper.StartWatchDrive () [0x001b4] in <3de84ba705e64d5e9f22ee50cbe8fa3d>:0 
06/07/2023 14:54:16 <DragDrop> StartWatchDrive Error: kqueue() error at init, error code = '24'
06/07/2023 14:54:16   at System.IO.KqueueMonitor.Start () [0x00046] in <cea77d7bab8b472da697a3b6e78ef65f>:0 
  at System.IO.KeventWatcher.StartDispatching (System.IO.FileSystemWatcher fsw) [0x00033] in <cea77d7bab8b472da697a3b6e78ef65f>:0 
  at System.IO.FileSystemWatcher.Start () [0x00000] in <cea77d7bab8b472da697a3b6e78ef65f>:0 
  at System.IO.FileSystemWatcher.set_EnableRaisingEvents (System.Boolean value) [0x00014] in <cea77d7bab8b472da697a3b6e78ef65f>:0 
  at (wrapper remoting-invoke-with-check) System.IO.FileSystemWatcher.set_EnableRaisingEvents(bool)
  at TunesGo.DragDropHelper.StartWatchDrive () [0x001b4] in <3de84ba705e64d5e9f22ee50cbe8fa3d>:0 
06/07/2023 14:54:16 <DragDrop> StartWatchDrive Error: kqueue() error at init, error code = '24'
06/07/2023 14:54:16   at System.IO.KqueueMonitor.Start () [0x00046] in <cea77d7bab8b472da697a3b6e78ef65f>:0 
  at System.IO.KeventWatcher.StartDispatching (System.IO.FileSystemWatcher fsw) [0x00033] in <cea77d7bab8b472da697a3b6e78ef65f>:0 
  at System.IO.FileSystemWatcher.Start () [0x00000] in <cea77d7bab8b472da697a3b6e78ef65f>:0 
  at System.IO.FileSystemWatcher.set_EnableRaisingEvents (System.Boolean value) [0x00014] in <cea77d7bab8b472da697a3b6e78ef65f>:0 
  at (wrapper remoting-invoke-with-check) System.IO.FileSystemWatcher.set_EnableRaisingEvents(bool)
  at TunesGo.DragDropHelper.StartWatchDrive () [0x001b4] in <3de84ba705e64d5e9f22ee50cbe8fa3d>:0 
06/07/2023 14:54:16 <DragDrop> StartWatchDrive Error: kqueue() error at init, error code = '24'
06/07/2023 14:54:16   at System.IO.KqueueMonitor.Start () [0x00046] in <cea77d7bab8b472da697a3b6e78ef65f>:0 
  at System.IO.KeventWatcher.StartDispatching (System.IO.FileSystemWatcher fsw) [0x00033] in <cea77d7bab8b472da697a3b6e78ef65f>:0 
  at System.IO.FileSystemWatcher.Start () [0x00000] in <cea77d7bab8b472da697a3b6e78ef65f>:0 
  at System.IO.FileSystemWatcher.set_EnableRaisingEvents (System.Boolean value) [0x00014] in <cea77d7bab8b472da697a3b6e78ef65f>:0 
  at (wrapper remoting-invoke-with-check) System.IO.FileSystemWatcher.set_EnableRaisingEvents(bool)
  at TunesGo.DragDropHelper.StartWatchDrive () [0x001b4] in <3de84ba705e64d5e9f22ee50cbe8fa3d>:0 
06/07/2023 14:54:16 <DragDrop> StartWatchDrive Error: kqueue() error at init, error code = '24'
06/07/2023 14:54:16   at System.IO.KqueueMonitor.Start () [0x00046] in <cea77d7bab8b472da697a3b6e78ef65f>:0 
  at System.IO.KeventWatcher.StartDispatching (System.IO.FileSystemWatcher fsw) [0x00033] in <cea77d7bab8b472da697a3b6e78ef65f>:0 
  at System.IO.FileSystemWatcher.Start () [0x00000] in <cea77d7bab8b472da697a3b6e78ef65f>:0 
  at System.IO.FileSystemWatcher.set_EnableRaisingEvents (System.Boolean value) [0x00014] in <cea77d7bab8b472da697a3b6e78ef65f>:0 
  at (wrapper remoting-invoke-with-check) System.IO.FileSystemWatcher.set_EnableRaisingEvents(bool)
  at TunesGo.DragDropHelper.StartWatchDrive () [0x001b4] in <3de84ba705e64d5e9f22ee50cbe8fa3d>:0 
06/07/2023 14:54:16 <DragDrop> StartWatchDrive Error: kqueue() error at init, error code = '24'
06/07/2023 14:54:16   at System.IO.KqueueMonitor.Start () [0x00046] in <cea77d7bab8b472da697a3b6e78ef65f>:0 
  at System.IO.KeventWatcher.StartDispatching (System.IO.FileSystemWatcher fsw) [0x00033] in <cea77d7bab8b472da697a3b6e78ef65f>:0 
  at System.IO.FileSystemWatcher.Start () [0x00000] in <cea77d7bab8b472da697a3b6e78ef65f>:0 
  at System.IO.FileSystemWatcher.set_EnableRaisingEvents (System.Boolean value) [0x00014] in <cea77d7bab8b472da697a3b6e78ef65f>:0 
  at (wrapper remoting-invoke-with-check) System.IO.FileSystemWatcher.set_EnableRaisingEvents(bool)
  at TunesGo.DragDropHelper.StartWatchDrive () [0x001b4] in <3de84ba705e64d5e9f22ee50cbe8fa3d>:0 
06/07/2023 14:54:16 <DragDrop> StartWatchDrive Error: kqueue() error at init, error code = '24'
06/07/2023 14:54:16   at System.IO.KqueueMonitor.Start () [0x00046] in <cea77d7bab8b472da697a3b6e78ef65f>:0 
  at System.IO.KeventWatcher.StartDispatching (System.IO.FileSystemWatcher fsw) [0x00033] in <cea77d7bab8b472da697a3b6e78ef65f>:0 
  at System.IO.FileSystemWatcher.Start () [0x00000] in <cea77d7bab8b472da697a3b6e78ef65f>:0 
  at System.IO.FileSystemWatcher.set_EnableRaisingEvents (System.Boolean value) [0x00014] in <cea77d7bab8b472da697a3b6e78ef65f>:0 
  at (wrapper remoting-invoke-with-check) System.IO.FileSystemWatcher.set_EnableRaisingEvents(bool)
  at TunesGo.DragDropHelper.StartWatchDrive () [0x001b4] in <3de84ba705e64d5e9f22ee50cbe8fa3d>:0 
06/07/2023 14:54:18 <TG_FileSystem> SetSelectLabelText....
06/07/2023 14:54:18 <TG_FileSystem> SetSelectLabelText1 ....
06/07/2023 14:54:18 <TG_FileSystem> Phone:Phone
06/07/2023 14:54:18 >>>>>>>>>Marks File Has Error.System.IO.IOException: Too many open files
  at System.IO.FileStream..ctor (System.String path, System.IO.FileMode mode, System.IO.FileAccess access, System.IO.FileShare share, System.Int32 bufferSize, System.Boolean anonymous, System.IO.FileOptions options) [0x0019e] in <51f721dfc41044e88d763e1711099fe3>:0 
  at System.IO.FileStream..ctor (System.String path, System.IO.FileMode mode, System.IO.FileAccess access, System.IO.FileShare share, System.Int32 bufferSize) [0x00000] in <51f721dfc41044e88d763e1711099fe3>:0 
  at (wrapper remoting-invoke-with-check) System.IO.FileStream..ctor(string,System.IO.FileMode,System.IO.FileAccess,System.IO.FileShare,int)
  at System.Xml.XmlDownloadManager.GetStream (System.Uri uri, System.Net.ICredentials credentials, System.Net.IWebProxy proxy, System.Net.Cache.RequestCachePolicy cachePolicy) [0x00018] in <84cbb918036848d29891f86f6a9870c7>:0 
  at System.Xml.XmlUrlResolver.GetEntity (System.Uri absoluteUri, System.String role, System.Type ofObjectToReturn) [0x00032] in <84cbb918036848d29891f86f6a9870c7>:0 
  at System.Xml.XmlTextReaderImpl.OpenUrlDelegate (System.Object xmlResolver) [0x0000c] in <84cbb918036848d29891f86f6a9870c7>:0 
  at System.Xml.XmlTextReaderImpl.OpenUrl () [0x0005e] in <84cbb918036848d29891f86f6a9870c7>:0 
  at System.Xml.XmlTextReaderImpl.Read () [0x00093] in <84cbb918036848d29891f86f6a9870c7>:0 
  at System.Xml.XmlLoader.Load (System.Xml.XmlDocument doc, System.Xml.XmlReader reader, System.Boolean preserveWhitespace) [0x000a6] in <84cbb918036848d29891f86f6a9870c7>:0 
  at System.Xml.XmlDocument.Load (System.Xml.XmlReader reader) [0x0002e] in <84cbb918036848d29891f86f6a9870c7>:0 
  at System.Xml.XmlDocument.Load (System.String filename) [0x00013] in <84cbb918036848d29891f86f6a9870c7>:0 
  at TunesGo.DeviceRes.Files.FilesMainPage.FindXmlNodeBySourcePath (System.String sourcePath, System.Boolean remove, TunesGo.DeviceRes.Files.FileItemType fileItemType) [0x00023] in <3de84ba705e64d5e9f22ee50cbe8fa3d>:0 
06/07/2023 14:54:19 <TG_FileSystem> SetSelectLabelText....
06/07/2023 14:54:19 <TG_FileSystem> SetSelectLabelText1 ....
06/07/2023 14:54:19 <TG_FileSystem> DCIM:Phone
06/07/2023 14:54:22 <TG_FileSystem> SetSelectLabelText....
06/07/2023 14:54:22 <TG_FileSystem> SetSelectLabelText1 ....
06/07/2023 14:54:22 <TG_FileSystem> DCIM:Phone
06/07/2023 14:54:22 >>>>>>>>>Marks File Has Error.System.IO.IOException: Too many open files
  at System.IO.FileStream..ctor (System.String path, System.IO.FileMode mode, System.IO.FileAccess access, System.IO.FileShare share, System.Int32 bufferSize, System.Boolean anonymous, System.IO.FileOptions options) [0x0019e] in <51f721dfc41044e88d763e1711099fe3>:0 
  at System.IO.FileStream..ctor (System.String path, System.IO.FileMode mode, System.IO.FileAccess access, System.IO.FileShare share, System.Int32 bufferSize) [0x00000] in <51f721dfc41044e88d763e1711099fe3>:0 
  at (wrapper remoting-invoke-with-check) System.IO.FileStream..ctor(string,System.IO.FileMode,System.IO.FileAccess,System.IO.FileShare,int)
  at System.Xml.XmlDownloadManager.GetStream (System.Uri uri, System.Net.ICredentials credentials, System.Net.IWebProxy proxy, System.Net.Cache.RequestCachePolicy cachePolicy) [0x00018] in <84cbb918036848d29891f86f6a9870c7>:0 
  at System.Xml.XmlUrlResolver.GetEntity (System.Uri absoluteUri, System.String role, System.Type ofObjectToReturn) [0x00032] in <84cbb918036848d29891f86f6a9870c7>:0 
  at System.Xml.XmlTextReaderImpl.OpenUrlDelegate (System.Object xmlResolver) [0x0000c] in <84cbb918036848d29891f86f6a9870c7>:0 
  at System.Xml.XmlTextReaderImpl.OpenUrl () [0x0005e] in <84cbb918036848d29891f86f6a9870c7>:0 
  at System.Xml.XmlTextReaderImpl.Read () [0x00093] in <84cbb918036848d29891f86f6a9870c7>:0 
  at System.Xml.XmlLoader.Load (System.Xml.XmlDocument doc, System.Xml.XmlReader reader, System.Boolean preserveWhitespace) [0x000a6] in <84cbb918036848d29891f86f6a9870c7>:0 
  at System.Xml.XmlDocument.Load (System.Xml.XmlReader reader) [0x0002e] in <84cbb918036848d29891f86f6a9870c7>:0 
  at System.Xml.XmlDocument.Load (System.String filename) [0x00013] in <84cbb918036848d29891f86f6a9870c7>:0 
  at TunesGo.DeviceRes.Files.FilesMainPage.FindXmlNodeBySourcePath (System.String sourcePath, System.Boolean remove, TunesGo.DeviceRes.Files.FileItemType fileItemType) [0x00023] in <3de84ba705e64d5e9f22ee50cbe8fa3d>:0 
06/07/2023 14:54:22 <TG_FileSystem> SetSelectLabelText....
06/07/2023 14:54:22 <TG_FileSystem> SetSelectLabelText1 ....
06/07/2023 14:54:22 <TG_FileSystem> 100APPLE:Phone
06/07/2023 14:54:24 >>>>>>>>>Marks File Has Error.System.IO.IOException: Too many open files
  at System.IO.FileStream..ctor (System.String path, System.IO.FileMode mode, System.IO.FileAccess access, System.IO.FileShare share, System.Int32 bufferSize, System.Boolean anonymous, System.IO.FileOptions options) [0x0019e] in <51f721dfc41044e88d763e1711099fe3>:0 
  at System.IO.FileStream..ctor (System.String path, System.IO.FileMode mode, System.IO.FileAccess access, System.IO.FileShare share, System.Int32 bufferSize) [0x00000] in <51f721dfc41044e88d763e1711099fe3>:0 
  at (wrapper remoting-invoke-with-check) System.IO.FileStream..ctor(string,System.IO.FileMode,System.IO.FileAccess,System.IO.FileShare,int)
  at System.Xml.XmlDownloadManager.GetStream (System.Uri uri, System.Net.ICredentials credentials, System.Net.IWebProxy proxy, System.Net.Cache.RequestCachePolicy cachePolicy) [0x00018] in <84cbb918036848d29891f86f6a9870c7>:0 
  at System.Xml.XmlUrlResolver.GetEntity (System.Uri absoluteUri, System.String role, System.Type ofObjectToReturn) [0x00032] in <84cbb918036848d29891f86f6a9870c7>:0 
  at System.Xml.XmlTextReaderImpl.OpenUrlDelegate (System.Object xmlResolver) [0x0000c] in <84cbb918036848d29891f86f6a9870c7>:0 
  at System.Xml.XmlTextReaderImpl.OpenUrl () [0x0005e] in <84cbb918036848d29891f86f6a9870c7>:0 
  at System.Xml.XmlTextReaderImpl.Read () [0x00093] in <84cbb918036848d29891f86f6a9870c7>:0 
  at System.Xml.XmlLoader.Load (System.Xml.XmlDocument doc, System.Xml.XmlReader reader, System.Boolean preserveWhitespace) [0x000a6] in <84cbb918036848d29891f86f6a9870c7>:0 
  at System.Xml.XmlDocument.Load (System.Xml.XmlReader reader) [0x0002e] in <84cbb918036848d29891f86f6a9870c7>:0 
  at System.Xml.XmlDocument.Load (System.String filename) [0x00013] in <84cbb918036848d29891f86f6a9870c7>:0 
  at TunesGo.DeviceRes.Files.FilesMainPage.FindXmlNodeBySourcePath (System.String sourcePath, System.Boolean remove, TunesGo.DeviceRes.Files.FileItemType fileItemType) [0x00023] in <3de84ba705e64d5e9f22ee50cbe8fa3d>:0 
06/07/2023 14:54:24 <TG_FileSystem> SetSelectLabelText....
06/07/2023 14:54:24 <TG_FileSystem> SetSelectLabelText1 ....
06/07/2023 14:54:24 <TG_FileSystem> DCIM:Phone
06/07/2023 14:55:02 >>>>>>>>>Marks File Has Error.System.IO.IOException: Too many open files
  at System.IO.FileStream..ctor (System.String path, System.IO.FileMode mode, System.IO.FileAccess access, System.IO.FileShare share, System.Int32 bufferSize, System.Boolean anonymous, System.IO.FileOptions options) [0x0019e] in <51f721dfc41044e88d763e1711099fe3>:0 
  at System.IO.FileStream..ctor (System.String path, System.IO.FileMode mode, System.IO.FileAccess access, System.IO.FileShare share, System.Int32 bufferSize) [0x00000] in <51f721dfc41044e88d763e1711099fe3>:0 
  at (wrapper remoting-invoke-with-check) System.IO.FileStream..ctor(string,System.IO.FileMode,System.IO.FileAccess,System.IO.FileShare,int)
  at System.Xml.XmlDownloadManager.GetStream (System.Uri uri, System.Net.ICredentials credentials, System.Net.IWebProxy proxy, System.Net.Cache.RequestCachePolicy cachePolicy) [0x00018] in <84cbb918036848d29891f86f6a9870c7>:0 
  at System.Xml.XmlUrlResolver.GetEntity (System.Uri absoluteUri, System.String role, System.Type ofObjectToReturn) [0x00032] in <84cbb918036848d29891f86f6a9870c7>:0 
  at System.Xml.XmlTextReaderImpl.OpenUrlDelegate (System.Object xmlResolver) [0x0000c] in <84cbb918036848d29891f86f6a9870c7>:0 
  at System.Xml.XmlTextReaderImpl.OpenUrl () [0x0005e] in <84cbb918036848d29891f86f6a9870c7>:0 
  at System.Xml.XmlTextReaderImpl.Read () [0x00093] in <84cbb918036848d29891f86f6a9870c7>:0 
  at System.Xml.XmlLoader.Load (System.Xml.XmlDocument doc, System.Xml.XmlReader reader, System.Boolean preserveWhitespace) [0x000a6] in <84cbb918036848d29891f86f6a9870c7>:0 
  at System.Xml.XmlDocument.Load (System.Xml.XmlReader reader) [0x0002e] in <84cbb918036848d29891f86f6a9870c7>:0 
  at System.Xml.XmlDocument.Load (System.String filename) [0x00013] in <84cbb918036848d29891f86f6a9870c7>:0 
  at TunesGo.DeviceRes.Files.FilesMainPage.FindXmlNodeBySourcePath (System.String sourcePath, System.Boolean remove, TunesGo.DeviceRes.Files.FileItemType fileItemType) [0x00023] in <3de84ba705e64d5e9f22ee50cbe8fa3d>:0 
06/07/2023 14:55:02 <TG_FileSystem> SetSelectLabelText....
06/07/2023 14:55:02 <TG_FileSystem> SetSelectLabelText1 ....
06/07/2023 14:55:02 <TG_FileSystem> ApplicationArchives:Phone
06/07/2023 14:55:02 >>>>>>>>>Marks File Has Error.System.IO.IOException: Too many open files
  at System.IO.FileStream..ctor (System.String path, System.IO.FileMode mode, System.IO.FileAccess access, System.IO.FileShare share, System.Int32 bufferSize, System.Boolean anonymous, System.IO.FileOptions options) [0x0019e] in <51f721dfc41044e88d763e1711099fe3>:0 
  at System.IO.FileStream..ctor (System.String path, System.IO.FileMode mode, System.IO.FileAccess access, System.IO.FileShare share, System.Int32 bufferSize) [0x00000] in <51f721dfc41044e88d763e1711099fe3>:0 
  at (wrapper remoting-invoke-with-check) System.IO.FileStream..ctor(string,System.IO.FileMode,System.IO.FileAccess,System.IO.FileShare,int)
  at System.Xml.XmlDownloadManager.GetStream (System.Uri uri, System.Net.ICredentials credentials, System.Net.IWebProxy proxy, System.Net.Cache.RequestCachePolicy cachePolicy) [0x00018] in <84cbb918036848d29891f86f6a9870c7>:0 
  at System.Xml.XmlUrlResolver.GetEntity (System.Uri absoluteUri, System.String role, System.Type ofObjectToReturn) [0x00032] in <84cbb918036848d29891f86f6a9870c7>:0 
  at System.Xml.XmlTextReaderImpl.OpenUrlDelegate (System.Object xmlResolver) [0x0000c] in <84cbb918036848d29891f86f6a9870c7>:0 
  at System.Xml.XmlTextReaderImpl.OpenUrl () [0x0005e] in <84cbb918036848d29891f86f6a9870c7>:0 
  at System.Xml.XmlTextReaderImpl.Read () [0x00093] in <84cbb918036848d29891f86f6a9870c7>:0 
  at System.Xml.XmlLoader.Load (System.Xml.XmlDocument doc, System.Xml.XmlReader reader, System.Boolean preserveWhitespace) [0x000a6] in <84cbb918036848d29891f86f6a9870c7>:0 
  at System.Xml.XmlDocument.Load (System.Xml.XmlReader reader) [0x0002e] in <84cbb918036848d29891f86f6a9870c7>:0 
  at System.Xml.XmlDocument.Load (System.String filename) [0x00013] in <84cbb918036848d29891f86f6a9870c7>:0 
  at TunesGo.DeviceRes.Files.FilesMainPage.FindXmlNodeBySourcePath (System.String sourcePath, System.Boolean remove, TunesGo.DeviceRes.Files.FileItemType fileItemType) [0x00023] in <3de84ba705e64d5e9f22ee50cbe8fa3d>:0 
06/07/2023 14:55:02 <TG_FileSystem> SetSelectLabelText....
06/07/2023 14:55:02 <TG_FileSystem> SetSelectLabelText1 ....
06/07/2023 14:55:02 <TG_FileSystem> Phone:Phone
06/07/2023 14:55:03 <TG_FileSystem> SetSelectLabelText....
06/07/2023 14:55:03 <TG_FileSystem> SetSelectLabelText1 ....
06/07/2023 14:55:03 <TG_FileSystem> Phone:Phone
06/07/2023 14:55:03 <TG_FileSystem> SetSelectLabelText....
06/07/2023 14:55:03 <TG_FileSystem> SetSelectLabelText1 ....
06/07/2023 14:55:03 <TG_FileSystem> Phone:Phone
06/07/2023 14:55:03 >>>>>>>>>Marks File Has Error.System.IO.IOException: Too many open files
  at System.IO.FileStream..ctor (System.String path, System.IO.FileMode mode, System.IO.FileAccess access, System.IO.FileShare share, System.Int32 bufferSize, System.Boolean anonymous, System.IO.FileOptions options) [0x0019e] in <51f721dfc41044e88d763e1711099fe3>:0 
  at System.IO.FileStream..ctor (System.String path, System.IO.FileMode mode, System.IO.FileAccess access, System.IO.FileShare share, System.Int32 bufferSize) [0x00000] in <51f721dfc41044e88d763e1711099fe3>:0 
  at (wrapper remoting-invoke-with-check) System.IO.FileStream..ctor(string,System.IO.FileMode,System.IO.FileAccess,System.IO.FileShare,int)
  at System.Xml.XmlDownloadManager.GetStream (System.Uri uri, System.Net.ICredentials credentials, System.Net.IWebProxy proxy, System.Net.Cache.RequestCachePolicy cachePolicy) [0x00018] in <84cbb918036848d29891f86f6a9870c7>:0 
  at System.Xml.XmlUrlResolver.GetEntity (System.Uri absoluteUri, System.String role, System.Type ofObjectToReturn) [0x00032] in <84cbb918036848d29891f86f6a9870c7>:0 
  at System.Xml.XmlTextReaderImpl.OpenUrlDelegate (System.Object xmlResolver) [0x0000c] in <84cbb918036848d29891f86f6a9870c7>:0 
  at System.Xml.XmlTextReaderImpl.OpenUrl () [0x0005e] in <84cbb918036848d29891f86f6a9870c7>:0 
  at System.Xml.XmlTextReaderImpl.Read () [0x00093] in <84cbb918036848d29891f86f6a9870c7>:0 
  at System.Xml.XmlLoader.Load (System.Xml.XmlDocument doc, System.Xml.XmlReader reader, System.Boolean preserveWhitespace) [0x000a6] in <84cbb918036848d29891f86f6a9870c7>:0 
  at System.Xml.XmlDocument.Load (System.Xml.XmlReader reader) [0x0002e] in <84cbb918036848d29891f86f6a9870c7>:0 
  at System.Xml.XmlDocument.Load (System.String filename) [0x00013] in <84cbb918036848d29891f86f6a9870c7>:0 
  at TunesGo.DeviceRes.Files.FilesMainPage.FindXmlNodeBySourcePath (System.String sourcePath, System.Boolean remove, TunesGo.DeviceRes.Files.FileItemType fileItemType) [0x00023] in <3de84ba705e64d5e9f22ee50cbe8fa3d>:0 
06/07/2023 14:55:05 >>>>>>>>>Marks File Has Error.System.IO.IOException: Too many open files
  at System.IO.FileStream..ctor (System.String path, System.IO.FileMode mode, System.IO.FileAccess access, System.IO.FileShare share, System.Int32 bufferSize, System.Boolean anonymous, System.IO.FileOptions options) [0x0019e] in <51f721dfc41044e88d763e1711099fe3>:0 
  at System.IO.FileStream..ctor (System.String path, System.IO.FileMode mode, System.IO.FileAccess access, System.IO.FileShare share, System.Int32 bufferSize) [0x00000] in <51f721dfc41044e88d763e1711099fe3>:0 
  at (wrapper remoting-invoke-with-check) System.IO.FileStream..ctor(string,System.IO.FileMode,System.IO.FileAccess,System.IO.FileShare,int)
  at System.Xml.XmlDownloadManager.GetStream (System.Uri uri, System.Net.ICredentials credentials, System.Net.IWebProxy proxy, System.Net.Cache.RequestCachePolicy cachePolicy) [0x00018] in <84cbb918036848d29891f86f6a9870c7>:0 
  at System.Xml.XmlUrlResolver.GetEntity (System.Uri absoluteUri, System.String role, System.Type ofObjectToReturn) [0x00032] in <84cbb918036848d29891f86f6a9870c7>:0 
  at System.Xml.XmlTextReaderImpl.OpenUrlDelegate (System.Object xmlResolver) [0x0000c] in <84cbb918036848d29891f86f6a9870c7>:0 
  at System.Xml.XmlTextReaderImpl.OpenUrl () [0x0005e] in <84cbb918036848d29891f86f6a9870c7>:0 
  at System.Xml.XmlTextReaderImpl.Read () [0x00093] in <84cbb918036848d29891f86f6a9870c7>:0 
  at System.Xml.XmlLoader.Load (System.Xml.XmlDocument doc, System.Xml.XmlReader reader, System.Boolean preserveWhitespace) [0x000a6] in <84cbb918036848d29891f86f6a9870c7>:0 
  at System.Xml.XmlDocument.Load (System.Xml.XmlReader reader) [0x0002e] in <84cbb918036848d29891f86f6a9870c7>:0 
  at System.Xml.XmlDocument.Load (System.String filename) [0x00013] in <84cbb918036848d29891f86f6a9870c7>:0 
  at TunesGo.DeviceRes.Files.FilesMainPage.FindXmlNodeBySourcePath (System.String sourcePath, System.Boolean remove, TunesGo.DeviceRes.Files.FileItemType fileItemType) [0x00023] in <3de84ba705e64d5e9f22ee50cbe8fa3d>:0 
06/07/2023 14:55:05 <TG_FileSystem> SetSelectLabelText....
06/07/2023 14:55:05 <TG_FileSystem> SetSelectLabelText1 ....
06/07/2023 14:55:05 <TG_FileSystem> Phone:Phone
06/07/2023 14:55:06 <TG_FileSystem> SetSelectLabelText....
06/07/2023 14:55:06 <TG_FileSystem> SetSelectLabelText1 ....
06/07/2023 14:55:06 <TG_FileSystem> Phone:Phone
06/07/2023 14:55:07 >>>>>>>>>Marks File Has Error.System.IO.IOException: Too many open files
  at System.IO.FileStream..ctor (System.String path, System.IO.FileMode mode, System.IO.FileAccess access, System.IO.FileShare share, System.Int32 bufferSize, System.Boolean anonymous, System.IO.FileOptions options) [0x0019e] in <51f721dfc41044e88d763e1711099fe3>:0 
  at System.IO.FileStream..ctor (System.String path, System.IO.FileMode mode, System.IO.FileAccess access, System.IO.FileShare share, System.Int32 bufferSize) [0x00000] in <51f721dfc41044e88d763e1711099fe3>:0 
  at (wrapper remoting-invoke-with-check) System.IO.FileStream..ctor(string,System.IO.FileMode,System.IO.FileAccess,System.IO.FileShare,int)
  at System.Xml.XmlDownloadManager.GetStream (System.Uri uri, System.Net.ICredentials credentials, System.Net.IWebProxy proxy, System.Net.Cache.RequestCachePolicy cachePolicy) [0x00018] in <84cbb918036848d29891f86f6a9870c7>:0 
  at System.Xml.XmlUrlResolver.GetEntity (System.Uri absoluteUri, System.String role, System.Type ofObjectToReturn) [0x00032] in <84cbb918036848d29891f86f6a9870c7>:0 
  at System.Xml.XmlTextReaderImpl.OpenUrlDelegate (System.Object xmlResolver) [0x0000c] in <84cbb918036848d29891f86f6a9870c7>:0 
  at System.Xml.XmlTextReaderImpl.OpenUrl () [0x0005e] in <84cbb918036848d29891f86f6a9870c7>:0 
  at System.Xml.XmlTextReaderImpl.Read () [0x00093] in <84cbb918036848d29891f86f6a9870c7>:0 
  at System.Xml.XmlLoader.Load (System.Xml.XmlDocument doc, System.Xml.XmlReader reader, System.Boolean preserveWhitespace) [0x000a6] in <84cbb918036848d29891f86f6a9870c7>:0 
  at System.Xml.XmlDocument.Load (System.Xml.XmlReader reader) [0x0002e] in <84cbb918036848d29891f86f6a9870c7>:0 
  at System.Xml.XmlDocument.Load (System.String filename) [0x00013] in <84cbb918036848d29891f86f6a9870c7>:0 
  at TunesGo.DeviceRes.Files.FilesMainPage.FindXmlNodeBySourcePath (System.String sourcePath, System.Boolean remove, TunesGo.DeviceRes.Files.FileItemType fileItemType) [0x00023] in <3de84ba705e64d5e9f22ee50cbe8fa3d>:0 
06/07/2023 14:55:09 GATracker upload values error, Error: NameResolutionFailure
